<?xml version="1.0" encoding="UTF-8" ?>
<testsuite errors="0" failures="0" hostname="WIN-CD5IJCT87EJ" name="com.jinjiang.bagsStore.LockerWallTest" tests="8" time="0.167" timestamp="2012-07-19T05:35:08">
  <properties>
[...]
</properties>
  <testcase classname="com.jinjiang.bagsStore.LockerWallTest" name="should_be_return_key_when_put_bag" time="0.004" />
  <testcase classname="com.jinjiang.bagsStore.LockerWallTest" name="should_be_return_bag_when_given_key" time="0.0" />
  <testcase classname="com.jinjiang.bagsStore.LockerWallTest" name="should_be_return_null_when_repeat_get_by_key" time="0.001" />
  <testcase classname="com.jinjiang.bagsStore.LockerWallTest" name="should_be_throw_error_when_BagStore_is_full" time="0.0" />
  <testcase classname="com.jinjiang.bagsStore.LockerWallTest" name="should_be_able_to_tell_if_store_has_room" time="0.0" />
  <testcase classname="com.jinjiang.bagsStore.LockerWallTest" name="should_be_able_to_tell_if_store_has_my_bag" time="0.0" />
  <testcase classname="com.jinjiang.bagsStore.LockerWallTest" name="should_be_return_null_when_given_not_exist_key" time="0.0" />
  <testcase classname="com.jinjiang.bagsStore.LockerWallTest" name="should_be_able_to_tell_if_store_does_not_have_my_bag" time="0.0" />
  <system-out><![CDATA[]]></system-out>
  <system-err><![CDATA[]]></system-err>
</testsuite>
